modules/reset-live-activity/android/build/intermediates/manifest_merge_blame_file/debug/processDebugManifest/manifest-merger-blame-debug-report.txt
1<?xml version="1.0" encoding="utf-8"?>
2<manifest xmlns:android="http://schemas.android.com/apk/res/android"
3    package="expo.modules.resetliveactivity" >
4
5    <uses-sdk android:minSdkVersion="26" />
6    <!--
7       Android 13+ gates every notification; 16 gates the promoted (lock screen
8       + status bar chip) treatment separately. Neither is dangerous-at-runtime
9       for us beyond the standard POST_NOTIFICATIONS prompt the app already
10       shows for push.
11    -->
12    <uses-permission android:name="android.permission.POST_NOTIFICATIONS" />
12-->src/main/AndroidManifest.xml:6:3-75
12-->src/main/AndroidManifest.xml:6:20-72
13    <uses-permission android:name="android.permission.POST_PROMOTED_NOTIFICATIONS" />
13-->src/main/AndroidManifest.xml:7:3-84
13-->src/main/AndroidManifest.xml:7:20-81
14
15    <!--
16       Lets the phase flip land on the second instead of within ~9 minutes.
17       🔴 Auto-granted on Android 12/13, DENIED BY DEFAULT on 14+ (only
18       alarm/clock/calendar apps get the auto-granted USE_EXACT_ALARM, and Play
19       policy would reject us for claiming it). So this is an opportunistic
20       upgrade, never a requirement: we always check canScheduleExactAlarms()
21       and fall back to an inexact alarm. We deliberately do NOT prompt for it
22       — sending a member into system settings to make a label change four
23       minutes sooner is a bad trade.
24    -->
25    <uses-permission android:name="android.permission.SCHEDULE_EXACT_ALARM" />
25-->src/main/AndroidManifest.xml:17:3-77
25-->src/main/AndroidManifest.xml:17:20-74
26
27    <application>
27-->src/main/AndroidManifest.xml:19:3-23:17
28        <receiver
28-->src/main/AndroidManifest.xml:20:5-22:34
29            android:name="expo.modules.resetliveactivity.ResetWindowAlarmReceiver"
29-->src/main/AndroidManifest.xml:21:7-47
30            android:exported="false" />
30-->src/main/AndroidManifest.xml:22:7-31
31    </application>
32
33</manifest>